#-----------------------------------------------------------
# Vivado v2018.2 (64-bit)
# SW Build 2258646 on Thu Jun 14 20:03:12 MDT 2018
# IP Build 2256618 on Thu Jun 14 22:10:49 MDT 2018
# Start of session at: Tue Sep 28 21:29:33 2021
# Process ID: 20192
# Current directory: D:/Sem4/project_6
# Command line: vivado.exe -gui_launcher_event rodinguilauncherevent11476 D:\Sem4\project_6\project_6.xpr
# Log file: D:/Sem4/project_6/vivado.log
# Journal file: D:/Sem4/project_6\vivado.jou
#-----------------------------------------------------------
start_gui
open_project D:/Sem4/project_6/project_6.xpr
Scanning sources...
Finished scanning sources
INFO: [IP_Flow 19-234] Refreshing IP repositories
INFO: [IP_Flow 19-1704] No user IP repositories specified
INFO: [IP_Flow 19-2313] Loaded Vivado IP repository 'D:/Xilinx/Vivado/2018.2/data/ip'.
update_compile_order -fileset sources_1
exit
INFO: [Common 17-206] Exiting Vivado at Tue Sep 28 21:29:54 2021...
