#-----------------------------------------------------------
# Vivado v2018.2 (64-bit)
# SW Build 2258646 on Thu Jun 14 20:03:12 MDT 2018
# IP Build 2256618 on Thu Jun 14 22:10:49 MDT 2018
# Start of session at: Tue Sep 28 19:21:14 2021
# Process ID: 10348
# Current directory: D:/Sem4/COA/project_4
# Command line: vivado.exe -gui_launcher_event rodinguilauncherevent16132 D:\Sem4\COA\project_4\project_4.xpr
# Log file: D:/Sem4/COA/project_4/vivado.log
# Journal file: D:/Sem4/COA/project_4\vivado.jou
#-----------------------------------------------------------
start_gui
open_project D:/Sem4/COA/project_4/project_4.xpr
INFO: [Project 1-313] Project file moved from 'D:/Sem4/project_4' since last save.
Scanning sources...
Finished scanning sources
INFO: [IP_Flow 19-234] Refreshing IP repositories
INFO: [IP_Flow 19-1704] No user IP repositories specified
INFO: [IP_Flow 19-2313] Loaded Vivado IP repository 'D:/Xilinx/Vivado/2018.2/data/ip'.
open_project: Time (s): cpu = 00:00:07 ; elapsed = 00:00:05 . Memory (MB): peak = 782.859 ; gain = 51.836
update_compile_order -fileset sources_1
synth_design -rtl -name rtl_1
Command: synth_design -rtl -name rtl_1
Starting synth_design
Using part: xc7k70tfbv676-1
Top: AND_bv
---------------------------------------------------------------------------------
Starting RTL Elaboration : Time (s): cpu = 00:00:02 ; elapsed = 00:00:03 . Memory (MB): peak = 889.598 ; gain = 77.207
---------------------------------------------------------------------------------
INFO: [Synth 8-638] synthesizing module 'AND_bv' [D:/Sem4/COA/project_4/project_4.srcs/sources_1/new/AND_bv.vhd:40]
INFO: [Synth 8-256] done synthesizing module 'AND_bv' (1#1) [D:/Sem4/COA/project_4/project_4.srcs/sources_1/new/AND_bv.vhd:40]
---------------------------------------------------------------------------------
Finished RTL Elaboration : Time (s): cpu = 00:00:02 ; elapsed = 00:00:04 . Memory (MB): peak = 932.383 ; gain = 119.992
---------------------------------------------------------------------------------

Report Check Netlist: 
+------+------------------+-------+---------+-------+------------------+
|      |Item              |Errors |Warnings |Status |Description       |
+------+------------------+-------+---------+-------+------------------+
|1     |multi_driven_nets |      0|        0|Passed |Multi driven nets |
+------+------------------+-------+---------+-------+------------------+
---------------------------------------------------------------------------------
Start Handling Custom Attributes
---------------------------------------------------------------------------------
---------------------------------------------------------------------------------
Finished Handling Custom Attributes : Time (s): cpu = 00:00:02 ; elapsed = 00:00:04 . Memory (MB): peak = 932.383 ; gain = 119.992
---------------------------------------------------------------------------------
---------------------------------------------------------------------------------
Finished RTL Optimization Phase 1 : Time (s): cpu = 00:00:02 ; elapsed = 00:00:04 . Memory (MB): peak = 932.383 ; gain = 119.992
---------------------------------------------------------------------------------
INFO: [Device 21-403] Loading part xc7k70tfbv676-1
INFO: [Project 1-570] Preparing netlist for logic optimization

Processing XDC Constraints
Initializing timing engine
Completed Processing XDC Constraints

INFO: [Opt 31-138] Pushed 0 inverter(s) to 0 load pin(s).
INFO: [Project 1-111] Unisim Transformation Summary:
No Unisim elements were transformed.

RTL Elaboration Complete:  : Time (s): cpu = 00:00:19 ; elapsed = 00:00:18 . Memory (MB): peak = 1272.984 ; gain = 460.594
6 Infos, 0 Warnings, 0 Critical Warnings and 0 Errors encountered.
synth_design completed successfully
synth_design: Time (s): cpu = 00:00:19 ; elapsed = 00:00:18 . Memory (MB): peak = 1272.984 ; gain = 460.594
launch_simulation
INFO: [Vivado 12-5682] Launching behavioral simulation in 'D:/Sem4/COA/project_4/project_4.sim/sim_1/behav/xsim'
INFO: [SIM-utils-51] Simulation object is 'sim_1'
INFO: [SIM-utils-54] Inspecting design source files for 'and_bv_tb' in fileset 'sim_1'...
INFO: [USF-XSim-97] Finding global include files...
INFO: [USF-XSim-98] Fetching design files from 'sim_1'...
INFO: [USF-XSim-2] XSim::Compile design
INFO: [USF-XSim-61] Executing 'COMPILE and ANALYZE' step in 'D:/Sem4/COA/project_4/project_4.sim/sim_1/behav/xsim'
"xvhdl --incr --relax -prj and_bv_tb_vhdl.prj"
INFO: [VRFC 10-163] Analyzing VHDL file "D:/Sem4/COA/project_4/project_4.srcs/sources_1/new/AND_bv.vhd" into library xil_defaultlib
INFO: [VRFC 10-307] analyzing entity AND_bv
INFO: [VRFC 10-163] Analyzing VHDL file "D:/Sem4/COA/project_4/project_4.srcs/sim_1/new/and_bv_tb.vhd" into library xil_defaultlib
INFO: [VRFC 10-307] analyzing entity and_bv_tb
INFO: [USF-XSim-69] 'compile' step finished in '3' seconds
INFO: [USF-XSim-3] XSim::Elaborate design
INFO: [USF-XSim-61] Executing 'ELABORATE' step in 'D:/Sem4/COA/project_4/project_4.sim/sim_1/behav/xsim'
Vivado Simulator 2018.2
Copyright 1986-1999, 2001-2018 Xilinx, Inc. All Rights Reserved.
Running: D:/Xilinx/Vivado/2018.2/bin/unwrapped/win64.o/xelab.exe -wto f465dd37c9f443e2bc4c8783b53d326e --incr --debug typical --relax --mt 2 -L xil_defaultlib -L secureip --snapshot and_bv_tb_behav xil_defaultlib.and_bv_tb -log elaborate.log 
Using 2 slave threads.
Starting static elaboration
Completed static elaboration
Starting simulation data flow analysis
Completed simulation data flow analysis
Time Resolution for simulation is 1ps
Compiling package std.standard
Compiling package std.textio
Compiling package ieee.std_logic_1164
Compiling architecture behavioral of entity xil_defaultlib.AND_bv [and_bv_default]
Compiling architecture behavioral of entity xil_defaultlib.and_bv_tb
Built simulation snapshot and_bv_tb_behav

****** Webtalk v2018.2 (64-bit)
  **** SW Build 2258646 on Thu Jun 14 20:03:12 MDT 2018
  **** IP Build 2256618 on Thu Jun 14 22:10:49 MDT 2018
    ** Copyright 1986-2018 Xilinx, Inc. All Rights Reserved.

source D:/Sem4/COA/project_4/project_4.sim/sim_1/behav/xsim/xsim.dir/and_bv_tb_behav/webtalk/xsim_webtalk.tcl -notrace
INFO: [Common 17-206] Exiting Webtalk at Tue Sep 28 19:23:13 2021...
run_program: Time (s): cpu = 00:00:00 ; elapsed = 00:00:06 . Memory (MB): peak = 1272.984 ; gain = 0.000
INFO: [USF-XSim-69] 'elaborate' step finished in '6' seconds
INFO: [USF-XSim-4] XSim::Simulate design
INFO: [USF-XSim-61] Executing 'SIMULATE' step in 'D:/Sem4/COA/project_4/project_4.sim/sim_1/behav/xsim'
INFO: [USF-XSim-98] *** Running xsim
   with args "and_bv_tb_behav -key {Behavioral:sim_1:Functional:and_bv_tb} -tclbatch {and_bv_tb.tcl} -log {simulate.log}"
INFO: [USF-XSim-8] Loading simulator feature
Vivado Simulator 2018.2
Time resolution is 1 ps
source and_bv_tb.tcl
# set curr_wave [current_wave_config]
# if { [string length $curr_wave] == 0 } {
#   if { [llength [get_objects]] > 0} {
#     add_wave /
#     set_property needs_save false [current_wave_config]
#   } else {
#      send_msg_id Add_Wave-1 WARNING "No top level signals found. Simulator will start without a wave window. If you want to open a wave window go to 'File->New Waveform Configuration' or type 'create_wave_config' in the TCL console."
#   }
# }
# run 1000ns
INFO: [USF-XSim-96] XSim completed. Design snapshot 'and_bv_tb_behav' loaded.
INFO: [USF-XSim-97] XSim simulation ran for 1000ns
launch_simulation: Time (s): cpu = 00:00:05 ; elapsed = 00:00:13 . Memory (MB): peak = 1272.984 ; gain = 0.000
close_sim
INFO: [Simtcl 6-16] Simulation closed
exit
INFO: [Common 17-206] Exiting Vivado at Tue Sep 28 20:15:30 2021...
