#-----------------------------------------------------------
# Vivado v2018.2 (64-bit)
# SW Build 2258646 on Thu Jun 14 20:03:12 MDT 2018
# IP Build 2256618 on Thu Jun 14 22:10:49 MDT 2018
# Start of session at: Sat Sep 11 23:05:14 2021
# Process ID: 13516
# Current directory: D:/Sem4/project_4
# Command line: vivado.exe -gui_launcher_event rodinguilauncherevent21244 D:\Sem4\project_4\project_4.xpr
# Log file: D:/Sem4/project_4/vivado.log
# Journal file: D:/Sem4/project_4\vivado.jou
#-----------------------------------------------------------
start_gui
open_project D:/Sem4/project_4/project_4.xpr
Scanning sources...
Finished scanning sources
INFO: [IP_Flow 19-234] Refreshing IP repositories
INFO: [IP_Flow 19-1704] No user IP repositories specified
INFO: [IP_Flow 19-2313] Loaded Vivado IP repository 'D:/Xilinx/Vivado/2018.2/data/ip'.
update_compile_order -fileset sources_1
exit
INFO: [Common 17-206] Exiting Vivado at Sat Sep 11 23:05:37 2021...
compile_order -fileset sources_1
exit
INFO: [Common 17-206] Exiting Vivado at Sat Sep 11 23:05:47 2021...
