#-----------------------------------------------------------
# Vivado v2018.2 (64-bit)
# SW Build 2258646 on Thu Jun 14 20:03:12 MDT 2018
# IP Build 2256618 on Thu Jun 14 22:10:49 MDT 2018
# Start of session at: Tue Sep 28 23:05:38 2021
# Process ID: 18016
# Current directory: D:/Sem4/project_1
# Command line: vivado.exe -gui_launcher_event rodinguilauncherevent13116 D:\Sem4\project_1\project_1.xpr
# Log file: D:/Sem4/project_1/vivado.log
# Journal file: D:/Sem4/project_1\vivado.jou
#-----------------------------------------------------------
start_gui
open_project D:/Sem4/project_1/project_1.xpr
Scanning sources...
Finished scanning sources
INFO: [IP_Flow 19-234] Refreshing IP repositories
INFO: [IP_Flow 19-1704] No user IP repositories specified
INFO: [IP_Flow 19-2313] Loaded Vivado IP repository 'D:/Xilinx/Vivado/2018.2/data/ip'.
open_project: Time (s): cpu = 00:00:08 ; elapsed = 00:00:07 . Memory (MB): peak = 795.348 ; gain = 57.961
update_compile_order -fileset sources_1
