#-----------------------------------------------------------
# Vivado v2018.2 (64-bit)
# SW Build 2258646 on Thu Jun 14 20:03:12 MDT 2018
# IP Build 2256618 on Thu Jun 14 22:10:49 MDT 2018
# Start of session at: Tue Sep 28 21:28:23 2021
# Process ID: 9472
# Current directory: D:/Sem4/project_5
# Command line: vivado.exe -gui_launcher_event rodinguilauncherevent6872 D:\Sem4\project_5\project_5.xpr
# Log file: D:/Sem4/project_5/vivado.log
# Journal file: D:/Sem4/project_5\vivado.jou
#-----------------------------------------------------------
start_gui
open_project D:/Sem4/project_5/project_5.xpr
Scanning sources...
Finished scanning sources
INFO: [IP_Flow 19-234] Refreshing IP repositories
INFO: [IP_Flow 19-1704] No user IP repositories specified
INFO: [IP_Flow 19-2313] Loaded Vivado IP repository 'D:/Xilinx/Vivado/2018.2/data/ip'.
open_project: Time (s): cpu = 00:00:09 ; elapsed = 00:00:06 . Memory (MB): peak = 798.520 ; gain = 61.312
update_compile_order -fileset sources_1
exit
INFO: [Common 17-206] Exiting Vivado at Tue Sep 28 21:29:04 2021...
